<?xml version="1.0" encoding="UTF-8"?>
<!-- Generated by org.testng.reporters.JUnitXMLReporter -->
<testsuite ignored="0" hostname="IBM-PF3KWH1K" failures="0" tests="5" name="Practice Automation" time="47.45" errors="0" timestamp="26 Feb 2024 17:00:26 GMT">
  <testcase classname="com.parameters.ParameterTest" name="desktops" time="2.038"/>
  <testcase classname="com.parameters.ParameterTest" name="laptopsAndNotebooks" time="0.153"/>
  <testcase classname="com.parameters.ParameterTest" name="search" time="3.105"/>
  <testcase classname="com.parameters.ParameterTest2" name="buttons" time="0.036"/>
  <testcase classname="com.parameters.ParameterTest2" name="links" time="0.087"/>
</testsuite> <!-- Practice Automation -->
