<?xml version="1.0" encoding="UTF-8"?>
<!-- Generated by org.testng.reporters.JUnitXMLReporter -->
<testsuite ignored="0" hostname="IBM-PF3KWH1K" failures="0" tests="10" name="Page Object Model" time="48.334" errors="0" timestamp="2024-02-27T17:23:20 EST">
  <testcase classname="com.opencart.testcases.LoginPageTest" name="loginPageTittleTest" time="0.011"/>
  <testcase classname="com.opencart.testcases.LoginPageTest" name="webpageLogoTest" time="0.031"/>
  <testcase classname="com.opencart.testcases.LoginPageTest" name="loginTest" time="0.801"/>
  <testcase classname="com.opencart.testcases.MyAccountPageTest" name="validateDesktopsPageTittleTest" time="0.007"/>
  <testcase classname="com.opencart.testcases.MyAccountPageTest" name="validateAddToCartBtnTest" time="0.02"/>
  <testcase classname="com.opencart.testcases.MyAccountPageTest" name="validateSearchTest" time="0.024"/>
  <testcase classname="com.opencart.testcases.EditAccountPageTest" name="validateHeadingTest" time="0.019"/>
  <testcase classname="com.opencart.testcases.EditAccountPageTest" name="validateContinueBtnTest" time="0.022"/>
  <testcase classname="com.opencart.testcases.EditAccountPageTest" name="loginTest" time="0.185"/>
  <testcase classname="com.opencart.testcases.EditAccountPageTest" name="validateBackBtnTest" time="0.024"/>
</testsuite> <!-- Page Object Model -->
